\BOOKMARK [1][-]{section.1}{\376\377\000I\000n\000t\000r\000o\000d\000u\000c\000t\000i\000o\000n}{}% 1
\BOOKMARK [1][-]{section.2}{\376\377\000L\000a\000t\000t\000i\000c\000e\000\040\000m\000o\000d\000e\000l\000s\000\040\000o\000f\000\040\000e\000q\000u\000i\000t\000y\000\040\000p\000r\000i\000c\000e\000s}{}% 2
\BOOKMARK [2][-]{subsection.2.1}{\376\377\000A\000n\000a\000l\000y\000t\000i\000c\000a\000l\000\040\000s\000o\000l\000u\000t\000i\000o\000n}{section.2}% 3
\BOOKMARK [2][-]{subsection.2.2}{\376\377\000M\000o\000d\000e\000l\000s\000\040\000o\000f\000\040\000u\000,\000\040\000d\000\040\000a\000n\000d\000\040\000p}{section.2}% 4
\BOOKMARK [3][-]{subsubsection.2.2.1}{\376\377\000R\000e\000a\000l\000-\000w\000o\000r\000l\000d\000\040\000p\000r\000o\000b\000a\000b\000i\000l\000i\000t\000y\000\040\000p}{subsection.2.2}% 5
\BOOKMARK [3][-]{subsubsection.2.2.2}{\376\377\000R\000i\000s\000k\000-\000n\000e\000u\000t\000r\000a\000l\000\040\000p\000r\000o\000b\000a\000b\000i\000l\000i\000t\000y\000\040\000q}{subsection.2.2}% 6
\BOOKMARK [2][-]{subsection.2.3}{\376\377\000C\000o\000x\000-\000R\000o\000s\000s\000-\000R\000u\000b\000i\000n\000s\000t\000e\000i\000n\000\040\000\050\000C\000R\000R\000\051\000\040\000m\000o\000d\000e\000l}{section.2}% 7
\BOOKMARK [2][-]{subsection.2.4}{\376\377\000B\000i\000n\000o\000m\000i\000a\000l\000\040\000l\000a\000t\000t\000i\000c\000e\000\040\000t\000r\000a\000d\000e\000\040\000s\000t\000r\000a\000t\000e\000g\000y}{section.2}% 8
\BOOKMARK [2][-]{subsection.2.5}{\376\377\000S\000u\000m\000m\000a\000r\000y}{section.2}% 9
\BOOKMARK [1][-]{section.3}{\376\377\000S\000i\000n\000g\000l\000e\000\040\000A\000s\000s\000e\000t\000\040\000G\000e\000o\000m\000e\000t\000r\000i\000c\000\040\000B\000r\000o\000w\000n\000i\000a\000n\000\040\000M\000o\000t\000i\000o\000n}{}% 10
\BOOKMARK [2][-]{subsection.3.1}{\376\377\000A\000n\000a\000l\000y\000t\000i\000c\000a\000l\000\040\000s\000o\000l\000u\000t\000i\000o\000n}{section.3}% 11
\BOOKMARK [2][-]{subsection.3.2}{\376\377\000E\000s\000t\000i\000m\000a\000t\000i\000n\000g\000\040\000t\000h\000e\000\040\000d\000r\000i\000f\000t\000\040\000p\000a\000r\000a\000m\000e\000t\000e\000r\000\040}{section.3}% 12
\BOOKMARK [2][-]{subsection.3.3}{\376\377\000E\000s\000t\000i\000m\000a\000t\000i\000n\000g\000\040\000t\000h\000e\000\040\000v\000o\000l\000a\000t\000i\000l\000i\000t\000y\000\040\000p\000a\000r\000a\000m\000e\000t\000e\000r\000\040}{section.3}% 13
\BOOKMARK [2][-]{subsection.3.4}{\376\377\000S\000t\000y\000l\000i\000z\000e\000d\000\040\000f\000a\000c\000t\000s}{section.3}% 14
\BOOKMARK [2][-]{subsection.3.5}{\376\377\000S\000u\000m\000m\000a\000r\000y}{section.3}% 15
\BOOKMARK [1][-]{section.4}{\376\377\000M\000u\000l\000t\000i\000p\000l\000e\000\040\000A\000s\000s\000e\000t\000\040\000G\000e\000o\000m\000e\000t\000r\000i\000c\000\040\000B\000r\000o\000w\000n\000i\000a\000n\000\040\000M\000o\000t\000i\000o\000n\000\040\000M\000o\000d\000e\000l\000s}{}% 16
\BOOKMARK [2][-]{subsection.4.1}{\376\377\000D\000r\000i\000f\000t\000\040\000a\000n\000d\000\040\000C\000o\000v\000a\000r\000i\000a\000n\000c\000e\000\040\000E\000s\000t\000i\000m\000a\000t\000i\000o\000n}{section.4}% 17
\BOOKMARK [2][-]{subsection.4.2}{\376\377\000M\000u\000l\000t\000i\000a\000s\000s\000e\000t\000\040\000P\000o\000r\000t\000f\000o\000l\000i\000o\000\040\000S\000i\000m\000u\000l\000a\000t\000i\000o\000n\000s}{section.4}% 18
\BOOKMARK [2][-]{subsection.4.3}{\376\377\000C\000o\000m\000p\000u\000t\000i\000n\000g\000\040\000t\000h\000e\000\040\000N\000e\000t\000\040\000P\000r\000e\000s\000e\000n\000t\000\040\000V\000a\000l\000u\000e\000\040\000\050\000N\000P\000V\000\051\000\040\000o\000f\000\040\000a\000\040\000p\000o\000r\000t\000f\000o\000l\000i\000o\000\040\000P}{section.4}% 19
\BOOKMARK [2][-]{subsection.4.4}{\376\377\000S\000u\000m\000m\000a\000r\000y}{section.4}% 20
