\BOOKMARK [1][-]{section.1}{\376\377\000I\000n\000t\000r\000o\000d\000u\000c\000t\000i\000o\000n}{}% 1
\BOOKMARK [1][-]{section.2}{\376\377\000B\000a\000c\000k\000g\000r\000o\000u\000n\000d}{}% 2
\BOOKMARK [2][-]{subsection.2.1}{\376\377\000A\000b\000s\000t\000r\000a\000c\000t\000\040\000A\000s\000s\000e\000t\000s}{section.2}% 3
\BOOKMARK [2][-]{subsection.2.2}{\376\377\000T\000i\000m\000e\000\040\000V\000a\000l\000u\000e\000\040\000o\000f\000\040\000M\000o\000n\000e\000y}{section.2}% 4
\BOOKMARK [2][-]{subsection.2.3}{\376\377\000E\000x\000c\000h\000a\000n\000g\000e\000\040\000r\000a\000t\000e\000\040\000m\000o\000d\000e\000l}{section.2}% 5
\BOOKMARK [2][-]{subsection.2.4}{\376\377\000A\000\040\000d\000i\000f\000f\000e\000r\000e\000n\000t\000\040\000p\000e\000r\000s\000p\000e\000c\000t\000i\000v\000e\000.}{section.2}% 6
\BOOKMARK [2][-]{subsection.2.5}{\376\377\000N\000e\000t\000\040\000P\000r\000e\000s\000e\000n\000t\000\040\000V\000a\000l\000u\000e\000\040\000\050\000N\000P\000V\000\051}{section.2}% 7
\BOOKMARK [1][-]{section.3}{\376\377\000Z\000e\000r\000o\000-\000C\000o\000u\000p\000o\000n\000\040\000T\000r\000e\000a\000s\000u\000r\000y\000\040\000B\000i\000l\000l\000s}{}% 8
\BOOKMARK [2][-]{subsection.3.1}{\376\377\000S\000u\000m\000m\000a\000r\000y}{section.3}% 9
\BOOKMARK [1][-]{section.4}{\376\377\000C\000o\000u\000p\000o\000n\000-\000B\000e\000a\000r\000i\000n\000g\000\040\000T\000r\000e\000a\000s\000u\000r\000y\000\040\000S\000e\000c\000u\000r\000i\000t\000i\000e\000s}{}% 10
\BOOKMARK [2][-]{subsection.4.1}{\376\377\000T\000r\000e\000a\000s\000u\000r\000y\000\040\000N\000o\000t\000e\000s\000\040\000a\000n\000d\000\040\000B\000o\000n\000d\000s}{section.4}% 11
\BOOKMARK [2][-]{subsection.4.2}{\376\377\000P\000r\000i\000c\000i\000n\000g}{section.4}% 12
\BOOKMARK [2][-]{subsection.4.3}{\376\377\000S\000e\000n\000s\000i\000t\000i\000v\000i\000t\000i\000e\000s\000\040\000a\000n\000d\000\040\000R\000i\000s\000k\000s}{section.4}% 13
\BOOKMARK [2][-]{subsection.4.4}{\376\377\000S\000u\000m\000m\000a\000r\000y}{section.4}% 14
\BOOKMARK [1][-]{section.5}{\376\377\000I\000n\000t\000e\000r\000e\000s\000t\000\040\000R\000a\000t\000e\000s\000,\000\040\000S\000T\000R\000I\000P\000S\000\040\000a\000n\000d\000\040\000t\000h\000e\000\040\000Y\000i\000e\000l\000d\000\040\000C\000u\000r\000v\000e}{}% 15
\BOOKMARK [2][-]{subsection.5.1}{\376\377\000S\000p\000o\000t\000,\000\040\000S\000h\000o\000r\000t\000\040\000a\000n\000d\000\040\000F\000o\000r\000w\000a\000r\000d\000\040\000R\000a\000t\000e\000s}{section.5}% 16
\BOOKMARK [2][-]{subsection.5.2}{\376\377\000S\000T\000R\000I\000P\000S\000\040\000a\000n\000d\000\040\000t\000h\000e\000\040\000Y\000i\000e\000l\000d\000\040\000C\000u\000r\000v\000e}{section.5}% 17
\BOOKMARK [2][-]{subsection.5.3}{\376\377\000S\000T\000R\000I\000P\000S\000\040\000p\000r\000i\000c\000i\000n\000g}{section.5}% 18
\BOOKMARK [2][-]{subsection.5.4}{\376\377\000E\000s\000t\000i\000m\000a\000t\000i\000n\000g\000\040\000t\000h\000e\000\040\000S\000p\000o\000t\000\040\000a\000n\000d\000\040\000S\000h\000o\000r\000t\000\040\000R\000a\000t\000e\000s\000\040\000f\000r\000o\000m\000\040\000S\000T\000R\000I\000P\000S\000\040\000p\000r\000i\000c\000e\000s}{section.5}% 19
\BOOKMARK [2][-]{subsection.5.5}{\376\377\000S\000u\000m\000m\000a\000r\000y}{section.5}% 20
