\BOOKMARK [1][-]{section.1}{\376\377\000I\000n\000t\000r\000o\000d\000u\000c\000t\000i\000o\000n}{}% 1
\BOOKMARK [2][-]{subsection.1.1}{\376\377\000C\000a\000l\000l\000\040\000a\000n\000d\000\040\000P\000u\000t\000\040\000C\000o\000n\000t\000r\000a\000c\000t\000s}{section.1}% 2
\BOOKMARK [2][-]{subsection.1.2}{\376\377\000P\000a\000y\000o\000f\000f\000\040\000a\000n\000d\000\040\000P\000r\000o\000f\000i\000t\000\040\000D\000i\000a\000g\000r\000a\000m\000s\000\040\000f\000o\000r\000\040\000L\000o\000n\000g\000\040\000C\000o\000n\000t\000r\000a\000c\000t\000s}{section.1}% 3
\BOOKMARK [2][-]{subsection.1.3}{\376\377\000E\000u\000r\000o\000p\000e\000a\000n\000\040\000C\000o\000n\000t\000r\000a\000c\000t\000s\000\040\000P\000r\000e\000m\000i\000u\000m\000s}{section.1}% 4
\BOOKMARK [2][-]{subsection.1.4}{\376\377\000S\000u\000m\000m\000a\000r\000y}{section.1}% 5
\BOOKMARK [1][-]{section.2}{\376\377\000A\000m\000e\000r\000i\000c\000a\000n\000\040\000S\000t\000y\000l\000e\000\040\000O\000p\000t\000i\000o\000n\000s\000\040\000C\000o\000n\000t\000r\000a\000c\000t\000s}{}% 6
\BOOKMARK [2][-]{subsection.2.1}{\376\377\000A\000m\000e\000r\000i\000c\000a\000n\000\040\000C\000a\000l\000l\000\040\000O\000p\000t\000i\000o\000n\000s}{section.2}% 7
\BOOKMARK [2][-]{subsection.2.2}{\376\377\000A\000m\000e\000r\000i\000c\000a\000n\000\040\000P\000u\000t\000\040\000O\000p\000t\000i\000o\000n\000s}{section.2}% 8
\BOOKMARK [2][-]{subsection.2.3}{\376\377\000S\000u\000m\000m\000a\000r\000y}{section.2}% 9
\BOOKMARK [1][-]{section.3}{\376\377\000A\000m\000e\000r\000i\000c\000a\000n\000-\000S\000t\000y\000l\000e\000\040\000C\000o\000m\000p\000o\000s\000i\000t\000e\000\040\000C\000o\000n\000t\000r\000a\000c\000t\000s\000\040\000a\000t\000\040\000E\000x\000p\000i\000r\000a\000t\000i\000o\000n}{}% 10
\BOOKMARK [2][-]{subsection.3.1}{\376\377\000G\000e\000n\000e\000r\000a\000l\000\040\000C\000o\000m\000p\000o\000s\000i\000t\000e\000\040\000C\000o\000n\000t\000r\000a\000c\000t\000\040\000F\000o\000r\000m\000u\000l\000a\000t\000i\000o\000n}{section.3}% 11
\BOOKMARK [2][-]{subsection.3.2}{\376\377\000D\000e\000f\000i\000n\000e\000d\000-\000R\000i\000s\000k\000\040\000D\000i\000r\000e\000c\000t\000i\000o\000n\000a\000l\000\040\000C\000o\000m\000p\000o\000s\000i\000t\000e\000\040\000C\000o\000n\000t\000r\000a\000c\000t\000s}{section.3}% 12
\BOOKMARK [2][-]{subsection.3.3}{\376\377\000N\000e\000u\000t\000r\000a\000l\000\040\000C\000o\000m\000p\000o\000s\000i\000t\000e\000\040\000C\000o\000n\000t\000r\000a\000c\000t\000s}{section.3}% 13
\BOOKMARK [2][-]{subsection.3.4}{\376\377\000S\000u\000m\000m\000a\000r\000y}{section.3}% 14
\BOOKMARK [1][-]{section.4}{\376\377\000A\000m\000e\000r\000i\000c\000a\000n\000-\000S\000t\000y\000l\000e\000\040\000C\000o\000n\000t\000r\000a\000c\000t\000\040\000P\000r\000i\000c\000i\000n\000g}{}% 15
\BOOKMARK [2][-]{subsection.4.1}{\376\377\000T\000h\000e\000\040\000C\000o\000x\000-\000R\000o\000s\000s\000-\000R\000u\000b\000i\000n\000s\000t\000e\000i\000n\000\040\000\050\000C\000R\000R\000\051\000\040\000M\000o\000d\000e\000l\000\040\000R\000e\000v\000i\000s\000t\000e\000d}{section.4}% 16
\BOOKMARK [2][-]{subsection.4.2}{\376\377\000R\000i\000s\000k\000-\000n\000e\000u\000t\000r\000a\000l\000\040\000p\000r\000i\000c\000i\000n\000g\000\040\000a\000n\000d\000\040\000t\000h\000e\000\040\000I\000m\000p\000l\000i\000e\000d\000\040\000V\000o\000l\000a\000t\000i\000l\000i\000t\000y\000?}{section.4}% 17
\BOOKMARK [2][-]{subsection.4.3}{\376\377\000I\000n\000t\000r\000i\000n\000s\000i\000c\000\040\000a\000n\000d\000\040\000E\000x\000t\000r\000i\000n\000s\000i\000c\000\040\000V\000a\000l\000u\000e}{section.4}% 18
\BOOKMARK [2][-]{subsection.4.4}{\376\377\000T\000h\000e\000\040\000G\000r\000e\000e\000k\000s}{section.4}% 19
\BOOKMARK [2][-]{subsection.4.5}{\376\377\000H\000e\000d\000g\000e\000d\000\040\000P\000o\000r\000t\000f\000o\000l\000i\000o\000s\000\040\000u\000s\000i\000n\000g\000\040\000t\000h\000e\000\040\000G\000r\000e\000e\000k\000s}{section.4}% 20
